<?xml version="1.0" encoding="UTF-8"?>
<!-- Generated by org.testng.reporters.JUnitXMLReporter -->
<testsuite ignored="0" hostname="DESKTOP-UCR3AVU" failures="0" tests="5" name="Default test" time="14.015" errors="0" timestamp="2023-03-26T17:46:09 IST">
  <testcase classname="com.ninja.qa.testcases.LoginPage" name="LoginWithValidDetails" time="6.266"/>
  <testcase classname="com.ninja.qa.testcases.LoginPage" name="LoginWithInvalidDetail" time="1.949"/>
  <testcase classname="com.ninja.qa.testcases.LoginPage" name="LoginWithInvaldiEmailAndValidPassword" time="1.964"/>
  <testcase classname="com.ninja.qa.testcases.LoginPage" name="LoginWithInvalidEmailAndPassword" time="1.987"/>
  <testcase classname="com.ninja.qa.testcases.LoginPage" name="LoginwithoutCredentials" time="1.817"/>
</testsuite> <!-- Default test -->
