<?xml version="1.0" encoding="UTF-8"?>
<!-- Generated by org.testng.reporters.JUnitXMLReporter -->
<testsuite ignored="2" hostname="DESKTOP-UCR3AVU" failures="0" tests="1" name="Default test" time="6.315" errors="0" timestamp="2023-03-26T19:44:42 IST">
  <testcase classname="com.ninja.qa.testcases.RegisterPage" name="VerifyRegisitritionWithoutDetails" time="2.281"/>
  <testcase classname="com.ninja.qa.testcases.RegisterPage" name="VerifyRegistrationByAllFields" time="0.0">
    <ignored/>
  </testcase> <!-- VerifyRegistrationByAllFields -->
  <testcase classname="com.ninja.qa.testcases.RegisterPage" name="VerifyRegistrationByManditatoryFileds" time="0.0">
    <ignored/>
  </testcase> <!-- VerifyRegistrationByManditatoryFileds -->
</testsuite> <!-- Default test -->
