<?xml version="1.0" encoding="UTF-8"?>
<testng-results ignored="0" total="11" passed="7" failed="4" skipped="0">
  <reporter-output>
  </reporter-output>
  <suite started-at="2023-03-28T16:30:26 IST" name="Ninja Automation suite" finished-at="2023-03-28T16:30:48 IST" duration-ms="22185">
    <groups>
    </groups>
    <test started-at="2023-03-28T16:30:26 IST" name="Ninja Tests" finished-at="2023-03-28T16:30:48 IST" duration-ms="22185">
      <class name="com.ninja.qa.testcases.LoginPage">
        <test-method is-config="true" signature="Set_Up()[pri:0, instance:com.ninja.qa.testcases.LoginPage@4c163e3]" started-at="2023-03-28T16:30:33 IST" name="Set_Up" finished-at="2023-03-28T16:30:35 IST" duration-ms="1497" status="PASS">
          <reporter-output>
          </reporter-output>
        </test-method> <!-- Set_Up -->
        <test-method signature="LoginWithValidDetails(java.lang.String,java.lang.String)[pri:1, instance:com.ninja.qa.testcases.LoginPage@4c163e3]" started-at="2023-03-28T16:30:35 IST" name="LoginWithValidDetails" data-provider="ValidCredentialsSupplier" finished-at="2023-03-28T16:30:35 IST" duration-ms="425" status="PASS">
          <params>
            <param index="0">
              <value>
                <![CDATA[tsatya0312@gmail.com]]>
              </value>
            </param>
            <param index="1">
              <value>
                <![CDATA[Satya@0312]]>
              </value>
            </param>
          </params>
          <reporter-output>
          </reporter-output>
        </test-method> <!-- LoginWithValidDetails -->
        <test-method is-config="true" signature="Tear_Down()[pri:0, instance:com.ninja.qa.testcases.LoginPage@4c163e3]" started-at="2023-03-28T16:30:35 IST" name="Tear_Down" finished-at="2023-03-28T16:30:35 IST" duration-ms="79" status="PASS">
          <reporter-output>
          </reporter-output>
        </test-method> <!-- Tear_Down -->
        <test-method is-config="true" signature="Set_Up()[pri:0, instance:com.ninja.qa.testcases.LoginPage@4c163e3]" started-at="2023-03-28T16:30:35 IST" name="Set_Up" finished-at="2023-03-28T16:30:37 IST" duration-ms="1482" status="PASS">
          <reporter-output>
          </reporter-output>
        </test-method> <!-- Set_Up -->
        <test-method signature="LoginWithInvalidDetail()[pri:2, instance:com.ninja.qa.testcases.LoginPage@4c163e3]" started-at="2023-03-28T16:30:37 IST" name="LoginWithInvalidDetail" finished-at="2023-03-28T16:30:37 IST" duration-ms="1" status="FAIL">
          <exception class="java.io.FileNotFoundException">
            <message>
              <![CDATA[C:\Users\Satya\eclipse-workspace\IVYTech\src\main\java\com\ninja\qa\config\testdata.properties (The system cannot find the file specified)]]>
            </message>
            <full-stacktrace>
              <![CDATA[java.io.FileNotFoundException: C:\Users\Satya\eclipse-workspace\IVYTech\src\main\java\com\ninja\qa\config\testdata.properties (The system cannot find the file specified)
at java.base/java.io.FileInputStream.open0(Native Method)
at java.base/java.io.FileInputStream.open(FileInputStream.java:216)
at java.base/java.io.FileInputStream.<init>(FileInputStream.java:157)
at com.ninja.qa.base.Base.LoadTestdata(Base.java:36)
at com.ninja.qa.testcases.LoginPage.LoginWithInvalidDetail(LoginPage.java:62)
at java.base/jdk.internal.reflect.NativeMethodAccessorImpl.invoke0(Native Method)
at java.base/jdk.internal.reflect.NativeMethodAccessorImpl.invoke(NativeMethodAccessorImpl.java:77)
at java.base/jdk.internal.reflect.DelegatingMethodAccessorImpl.invoke(DelegatingMethodAccessorImpl.java:43)
at java.base/java.lang.reflect.Method.invoke(Method.java:568)
at org.testng.internal.invokers.MethodInvocationHelper.invokeMethod(MethodInvocationHelper.java:139)
at org.testng.internal.invokers.TestInvoker.invokeMethod(TestInvoker.java:677)
at org.testng.internal.invokers.TestInvoker.invokeTestMethod(TestInvoker.java:221)
at org.testng.internal.invokers.MethodRunner.runInSequence(MethodRunner.java:50)
at org.testng.internal.invokers.TestInvoker$MethodInvocationAgent.invoke(TestInvoker.java:969)
at org.testng.internal.invokers.TestInvoker.invokeTestMethods(TestInvoker.java:194)
at org.testng.internal.invokers.TestMethodWorker.invokeTestMethods(TestMethodWorker.java:148)
at org.testng.internal.invokers.TestMethodWorker.run(TestMethodWorker.java:128)
at java.base/java.util.ArrayList.forEach(ArrayList.java:1511)
at org.testng.TestRunner.privateRun(TestRunner.java:829)
at org.testng.TestRunner.run(TestRunner.java:602)
at org.testng.SuiteRunner.runTest(SuiteRunner.java:437)
at org.testng.SuiteRunner.runSequentially(SuiteRunner.java:431)
at org.testng.SuiteRunner.privateRun(SuiteRunner.java:391)
at org.testng.SuiteRunner.run(SuiteRunner.java:330)
at org.testng.SuiteRunnerWorker.runSuite(SuiteRunnerWorker.java:52)
at org.testng.SuiteRunnerWorker.run(SuiteRunnerWorker.java:95)
at org.testng.TestNG.runSuitesSequentially(TestNG.java:1256)
at org.testng.TestNG.runSuitesLocally(TestNG.java:1176)
at org.testng.TestNG.runSuites(TestNG.java:1099)
at org.testng.TestNG.run(TestNG.java:1067)
at org.testng.remote.AbstractRemoteTestNG.run(AbstractRemoteTestNG.java:115)
at org.testng.remote.RemoteTestNG.initAndRun(RemoteTestNG.java:251)
at org.testng.remote.RemoteTestNG.main(RemoteTestNG.java:77)
]]>
            </full-stacktrace>
          </exception> <!-- java.io.FileNotFoundException -->
          <reporter-output>
          </reporter-output>
        </test-method> <!-- LoginWithInvalidDetail -->
        <test-method is-config="true" signature="Tear_Down()[pri:0, instance:com.ninja.qa.testcases.LoginPage@4c163e3]" started-at="2023-03-28T16:30:37 IST" name="Tear_Down" finished-at="2023-03-28T16:30:37 IST" duration-ms="73" status="PASS">
          <reporter-output>
          </reporter-output>
        </test-method> <!-- Tear_Down -->
        <test-method is-config="true" signature="Set_Up()[pri:0, instance:com.ninja.qa.testcases.LoginPage@4c163e3]" started-at="2023-03-28T16:30:37 IST" name="Set_Up" finished-at="2023-03-28T16:30:38 IST" duration-ms="1461" status="PASS">
          <reporter-output>
          </reporter-output>
        </test-method> <!-- Set_Up -->
        <test-method signature="LoginWithInvaldiEmailAndValidPassword()[pri:3, instance:com.ninja.qa.testcases.LoginPage@4c163e3]" started-at="2023-03-28T16:30:38 IST" name="LoginWithInvaldiEmailAndValidPassword" finished-at="2023-03-28T16:30:39 IST" duration-ms="403" status="PASS">
          <reporter-output>
          </reporter-output>
        </test-method> <!-- LoginWithInvaldiEmailAndValidPassword -->
        <test-method is-config="true" signature="Tear_Down()[pri:0, instance:com.ninja.qa.testcases.LoginPage@4c163e3]" started-at="2023-03-28T16:30:39 IST" name="Tear_Down" finished-at="2023-03-28T16:30:39 IST" duration-ms="117" status="PASS">
          <reporter-output>
          </reporter-output>
        </test-method> <!-- Tear_Down -->
        <test-method is-config="true" signature="Set_Up()[pri:0, instance:com.ninja.qa.testcases.LoginPage@4c163e3]" started-at="2023-03-28T16:30:39 IST" name="Set_Up" finished-at="2023-03-28T16:30:40 IST" duration-ms="1477" status="PASS">
          <reporter-output>
          </reporter-output>
        </test-method> <!-- Set_Up -->
        <test-method signature="LoginWithInvalidEmailAndInvalidPassword()[pri:4, instance:com.ninja.qa.testcases.LoginPage@4c163e3]" started-at="2023-03-28T16:30:40 IST" name="LoginWithInvalidEmailAndInvalidPassword" finished-at="2023-03-28T16:30:41 IST" duration-ms="473" status="PASS">
          <reporter-output>
          </reporter-output>
        </test-method> <!-- LoginWithInvalidEmailAndInvalidPassword -->
        <test-method is-config="true" signature="Tear_Down()[pri:0, instance:com.ninja.qa.testcases.LoginPage@4c163e3]" started-at="2023-03-28T16:30:41 IST" name="Tear_Down" finished-at="2023-03-28T16:30:41 IST" duration-ms="112" status="PASS">
          <reporter-output>
          </reporter-output>
        </test-method> <!-- Tear_Down -->
        <test-method is-config="true" signature="Set_Up()[pri:0, instance:com.ninja.qa.testcases.LoginPage@4c163e3]" started-at="2023-03-28T16:30:41 IST" name="Set_Up" finished-at="2023-03-28T16:30:42 IST" duration-ms="1465" status="PASS">
          <reporter-output>
          </reporter-output>
        </test-method> <!-- Set_Up -->
        <test-method signature="LoginwithoutCredentials()[pri:5, instance:com.ninja.qa.testcases.LoginPage@4c163e3]" started-at="2023-03-28T16:30:42 IST" name="LoginwithoutCredentials" finished-at="2023-03-28T16:30:43 IST" duration-ms="303" status="PASS">
          <reporter-output>
          </reporter-output>
        </test-method> <!-- LoginwithoutCredentials -->
        <test-method is-config="true" signature="Tear_Down()[pri:0, instance:com.ninja.qa.testcases.LoginPage@4c163e3]" started-at="2023-03-28T16:30:43 IST" name="Tear_Down" finished-at="2023-03-28T16:30:43 IST" duration-ms="114" status="PASS">
          <reporter-output>
          </reporter-output>
        </test-method> <!-- Tear_Down -->
      </class> <!-- com.ninja.qa.testcases.LoginPage -->
      <class name="com.ninja.qa.testcases.SearchPage">
        <test-method is-config="true" signature="Set_Up()[pri:0, instance:com.ninja.qa.testcases.SearchPage@4a8355dd]" started-at="2023-03-28T16:30:43 IST" name="Set_Up" finished-at="2023-03-28T16:30:44 IST" duration-ms="1191" status="PASS">
          <reporter-output>
          </reporter-output>
        </test-method> <!-- Set_Up -->
        <test-method signature="VerifySearchWithValidProduct()[pri:1, instance:com.ninja.qa.testcases.SearchPage@4a8355dd]" started-at="2023-03-28T16:30:44 IST" name="VerifySearchWithValidProduct" finished-at="2023-03-28T16:30:44 IST" duration-ms="377" status="PASS">
          <reporter-output>
          </reporter-output>
        </test-method> <!-- VerifySearchWithValidProduct -->
        <test-method is-config="true" signature="Tear_Down()[pri:0, instance:com.ninja.qa.testcases.SearchPage@4a8355dd]" started-at="2023-03-28T16:30:44 IST" name="Tear_Down" finished-at="2023-03-28T16:30:44 IST" duration-ms="112" status="PASS">
          <reporter-output>
          </reporter-output>
        </test-method> <!-- Tear_Down -->
        <test-method is-config="true" signature="Set_Up()[pri:0, instance:com.ninja.qa.testcases.SearchPage@4a8355dd]" started-at="2023-03-28T16:30:44 IST" name="Set_Up" finished-at="2023-03-28T16:30:46 IST" duration-ms="1193" status="PASS">
          <reporter-output>
          </reporter-output>
        </test-method> <!-- Set_Up -->
        <test-method signature="VerifySearchwithInvalidProduct()[pri:2, instance:com.ninja.qa.testcases.SearchPage@4a8355dd]" started-at="2023-03-28T16:30:46 IST" name="VerifySearchwithInvalidProduct" finished-at="2023-03-28T16:30:46 IST" duration-ms="311" status="PASS">
          <reporter-output>
          </reporter-output>
        </test-method> <!-- VerifySearchwithInvalidProduct -->
        <test-method is-config="true" signature="Tear_Down()[pri:0, instance:com.ninja.qa.testcases.SearchPage@4a8355dd]" started-at="2023-03-28T16:30:46 IST" name="Tear_Down" finished-at="2023-03-28T16:30:46 IST" duration-ms="123" status="PASS">
          <reporter-output>
          </reporter-output>
        </test-method> <!-- Tear_Down -->
        <test-method is-config="true" signature="Set_Up()[pri:0, instance:com.ninja.qa.testcases.SearchPage@4a8355dd]" started-at="2023-03-28T16:30:46 IST" name="Set_Up" finished-at="2023-03-28T16:30:47 IST" duration-ms="1185" status="PASS">
          <reporter-output>
          </reporter-output>
        </test-method> <!-- Set_Up -->
        <test-method signature="VerifySearchwithoutdetails()[pri:3, instance:com.ninja.qa.testcases.SearchPage@4a8355dd]" started-at="2023-03-28T16:30:47 IST" name="VerifySearchwithoutdetails" finished-at="2023-03-28T16:30:48 IST" duration-ms="289" status="PASS">
          <reporter-output>
          </reporter-output>
        </test-method> <!-- VerifySearchwithoutdetails -->
        <test-method is-config="true" signature="Tear_Down()[pri:0, instance:com.ninja.qa.testcases.SearchPage@4a8355dd]" started-at="2023-03-28T16:30:48 IST" name="Tear_Down" finished-at="2023-03-28T16:30:48 IST" duration-ms="110" status="PASS">
          <reporter-output>
          </reporter-output>
        </test-method> <!-- Tear_Down -->
      </class> <!-- com.ninja.qa.testcases.SearchPage -->
      <class name="com.ninja.qa.testcases.RegisterPage">
        <test-method is-config="true" signature="Set_UP()[pri:0, instance:com.ninja.qa.testcases.RegisterPage@5386659f]" started-at="2023-03-28T16:30:26 IST" name="Set_UP" finished-at="2023-03-28T16:30:28 IST" duration-ms="2364" status="PASS">
          <reporter-output>
          </reporter-output>
        </test-method> <!-- Set_UP -->
        <test-method signature="VerifyRegistrationByManditatoryFileds()[pri:1, instance:com.ninja.qa.testcases.RegisterPage@5386659f]" started-at="2023-03-28T16:30:28 IST" name="VerifyRegistrationByManditatoryFileds" finished-at="2023-03-28T16:30:28 IST" duration-ms="377" status="FAIL">
          <exception class="org.openqa.selenium.InvalidSelectorException">
            <message>
              <![CDATA[invalid selector: Unable to locate an element with the xpath expression //input[@type=\"submit\"] because of the following error:
SyntaxError: Failed to execute 'evaluate' on 'Document': The string '//input[@type=\"submit\"]' is not a valid XPath expression.
  (Session info: chrome=111.0.5563.146)
For documentation on this error, please visit: https://selenium.dev/exceptions/#invalid_selector_exception
Build info: version: '4.6.0', revision: '79f1c02ae20'
System info: os.name: 'Windows 10', os.arch: 'amd64', os.version: '10.0', java.version: '17.0.5'
Driver info: org.openqa.selenium.chrome.ChromeDriver
Command: [807bbaf6973157c508fe43546d064bf9, findElement {using=xpath, value=//input[@type=\"submit\"]}]
Capabilities {acceptInsecureCerts: false, browserName: chrome, browserVersion: 111.0.5563.146, chrome: {chromedriverVersion: 111.0.5563.64 (c710e93d5b63..., userDataDir: C:\Users\Satya\AppData\Loca...}, goog:chromeOptions: {debuggerAddress: localhost:52575}, networkConnectionEnabled: false, pageLoadStrategy: normal, platformName: WINDOWS, proxy: Proxy(), se:cdp: ws://localhost:52575/devtoo..., se:cdpVersion: 111.0.5563.146, setWindowRect: true, strictFileInteractability: false, timeouts: {implicit: 0, pageLoad: 300000, script: 30000}, unhandledPromptBehavior: dismiss and notify, webauthn:extension:credBlob: true, webauthn:extension:largeBlob: true, webauthn:extension:minPinLength: true, webauthn:extension:prf: true, webauthn:virtualAuthenticators: true}
Session ID: 807bbaf6973157c508fe43546d064bf9]]>
            </message>
            <full-stacktrace>
              <![CDATA[org.openqa.selenium.InvalidSelectorException: invalid selector: Unable to locate an element with the xpath expression //input[@type=\"submit\"] because of the following error:
SyntaxError: Failed to execute 'evaluate' on 'Document': The string '//input[@type=\"submit\"]' is not a valid XPath expression.
  (Session info: chrome=111.0.5563.146)
For documentation on this error, please visit: https://selenium.dev/exceptions/#invalid_selector_exception
Build info: version: '4.6.0', revision: '79f1c02ae20'
System info: os.name: 'Windows 10', os.arch: 'amd64', os.version: '10.0', java.version: '17.0.5'
Driver info: org.openqa.selenium.chrome.ChromeDriver
Command: [807bbaf6973157c508fe43546d064bf9, findElement {using=xpath, value=//input[@type=\"submit\"]}]
Capabilities {acceptInsecureCerts: false, browserName: chrome, browserVersion: 111.0.5563.146, chrome: {chromedriverVersion: 111.0.5563.64 (c710e93d5b63..., userDataDir: C:\Users\Satya\AppData\Loca...}, goog:chromeOptions: {debuggerAddress: localhost:52575}, networkConnectionEnabled: false, pageLoadStrategy: normal, platformName: WINDOWS, proxy: Proxy(), se:cdp: ws://localhost:52575/devtoo..., se:cdpVersion: 111.0.5563.146, setWindowRect: true, strictFileInteractability: false, timeouts: {implicit: 0, pageLoad: 300000, script: 30000}, unhandledPromptBehavior: dismiss and notify, webauthn:extension:credBlob: true, webauthn:extension:largeBlob: true, webauthn:extension:minPinLength: true, webauthn:extension:prf: true, webauthn:virtualAuthenticators: true}
Session ID: 807bbaf6973157c508fe43546d064bf9
at java.base/jdk.internal.reflect.NativeConstructorAccessorImpl.newInstance0(Native Method)
at java.base/jdk.internal.reflect.NativeConstructorAccessorImpl.newInstance(NativeConstructorAccessorImpl.java:77)
at java.base/jdk.internal.reflect.DelegatingConstructorAccessorImpl.newInstance(DelegatingConstructorAccessorImpl.java:45)
at java.base/java.lang.reflect.Constructor.newInstanceWithCaller(Constructor.java:499)
at java.base/java.lang.reflect.Constructor.newInstance(Constructor.java:480)
at org.openqa.selenium.remote.codec.w3c.W3CHttpResponseCodec.createException(W3CHttpResponseCodec.java:200)
at org.openqa.selenium.remote.codec.w3c.W3CHttpResponseCodec.decode(W3CHttpResponseCodec.java:133)
at org.openqa.selenium.remote.codec.w3c.W3CHttpResponseCodec.decode(W3CHttpResponseCodec.java:53)
at org.openqa.selenium.remote.HttpCommandExecutor.execute(HttpCommandExecutor.java:184)
at org.openqa.selenium.remote.service.DriverCommandExecutor.invokeExecute(DriverCommandExecutor.java:167)
at org.openqa.selenium.remote.service.DriverCommandExecutor.execute(DriverCommandExecutor.java:142)
at org.openqa.selenium.remote.RemoteWebDriver.execute(RemoteWebDriver.java:543)
at org.openqa.selenium.remote.ElementLocation$ElementFinder$2.findElement(ElementLocation.java:162)
at org.openqa.selenium.remote.ElementLocation.findElement(ElementLocation.java:60)
at org.openqa.selenium.remote.RemoteWebDriver.findElement(RemoteWebDriver.java:352)
at org.openqa.selenium.remote.RemoteWebDriver.findElement(RemoteWebDriver.java:344)
at org.openqa.selenium.support.pagefactory.DefaultElementLocator.findElement(DefaultElementLocator.java:70)
at org.openqa.selenium.support.pagefactory.internal.LocatingElementHandler.invoke(LocatingElementHandler.java:39)
at jdk.proxy2/jdk.proxy2.$Proxy18.clear(Unknown Source)
at com.ninja.qa.pageobjects.RegisterPageObjects.ClickOnSubmit(RegisterPageObjects.java:76)
at com.ninja.qa.testcases.RegisterPage.VerifyRegistrationByManditatoryFileds(RegisterPage.java:54)
at java.base/jdk.internal.reflect.NativeMethodAccessorImpl.invoke0(Native Method)
at java.base/jdk.internal.reflect.NativeMethodAccessorImpl.invoke(NativeMethodAccessorImpl.java:77)
at java.base/jdk.internal.reflect.DelegatingMethodAccessorImpl.invoke(DelegatingMethodAccessorImpl.java:43)
at java.base/java.lang.reflect.Method.invoke(Method.java:568)
at org.testng.internal.invokers.MethodInvocationHelper.invokeMethod(MethodInvocationHelper.java:139)
at org.testng.internal.invokers.TestInvoker.invokeMethod(TestInvoker.java:677)
at org.testng.internal.invokers.TestInvoker.invokeTestMethod(TestInvoker.java:221)
at org.testng.internal.invokers.MethodRunner.runInSequence(MethodRunner.java:50)
at org.testng.internal.invokers.TestInvoker$MethodInvocationAgent.invoke(TestInvoker.java:969)
at org.testng.internal.invokers.TestInvoker.invokeTestMethods(TestInvoker.java:194)
at org.testng.internal.invokers.TestMethodWorker.invokeTestMethods(TestMethodWorker.java:148)
at org.testng.internal.invokers.TestMethodWorker.run(TestMethodWorker.java:128)
at java.base/java.util.ArrayList.forEach(ArrayList.java:1511)
at org.testng.TestRunner.privateRun(TestRunner.java:829)
at org.testng.TestRunner.run(TestRunner.java:602)
at org.testng.SuiteRunner.runTest(SuiteRunner.java:437)
at org.testng.SuiteRunner.runSequentially(SuiteRunner.java:431)
at org.testng.SuiteRunner.privateRun(SuiteRunner.java:391)
at org.testng.SuiteRunner.run(SuiteRunner.java:330)
at org.testng.SuiteRunnerWorker.runSuite(SuiteRunnerWorker.java:52)
at org.testng.SuiteRunnerWorker.run(SuiteRunnerWorker.java:95)
at org.testng.TestNG.runSuitesSequentially(TestNG.java:1256)
at org.testng.TestNG.runSuitesLocally(TestNG.java:1176)
at org.testng.TestNG.runSuites(TestNG.java:1099)
at org.testng.TestNG.run(TestNG.java:1067)
at org.testng.remote.AbstractRemoteTestNG.run(AbstractRemoteTestNG.java:115)
at org.testng.remote.RemoteTestNG.initAndRun(RemoteTestNG.java:251)
at org.testng.remote.RemoteTestNG.main(RemoteTestNG.java:77)
]]>
            </full-stacktrace>
          </exception> <!-- org.openqa.selenium.InvalidSelectorException -->
          <reporter-output>
          </reporter-output>
        </test-method> <!-- VerifyRegistrationByManditatoryFileds -->
        <test-method is-config="true" signature="Tear_Down()[pri:0, instance:com.ninja.qa.testcases.RegisterPage@5386659f]" started-at="2023-03-28T16:30:29 IST" name="Tear_Down" finished-at="2023-03-28T16:30:29 IST" duration-ms="117" status="PASS">
          <reporter-output>
          </reporter-output>
        </test-method> <!-- Tear_Down -->
        <test-method is-config="true" signature="Set_UP()[pri:0, instance:com.ninja.qa.testcases.RegisterPage@5386659f]" started-at="2023-03-28T16:30:29 IST" name="Set_UP" finished-at="2023-03-28T16:30:30 IST" duration-ms="1562" status="PASS">
          <reporter-output>
          </reporter-output>
        </test-method> <!-- Set_UP -->
        <test-method signature="VerifyRegistrationByAllFields()[pri:2, instance:com.ninja.qa.testcases.RegisterPage@5386659f]" started-at="2023-03-28T16:30:30 IST" name="VerifyRegistrationByAllFields" finished-at="2023-03-28T16:30:31 IST" duration-ms="360" status="FAIL">
          <exception class="org.openqa.selenium.InvalidSelectorException">
            <message>
              <![CDATA[invalid selector: Unable to locate an element with the xpath expression //input[@type=\"submit\"] because of the following error:
SyntaxError: Failed to execute 'evaluate' on 'Document': The string '//input[@type=\"submit\"]' is not a valid XPath expression.
  (Session info: chrome=111.0.5563.146)
For documentation on this error, please visit: https://selenium.dev/exceptions/#invalid_selector_exception
Build info: version: '4.6.0', revision: '79f1c02ae20'
System info: os.name: 'Windows 10', os.arch: 'amd64', os.version: '10.0', java.version: '17.0.5'
Driver info: org.openqa.selenium.chrome.ChromeDriver
Command: [d70231f40b3b83d28f6d0bc5f0cc558e, findElement {using=xpath, value=//input[@type=\"submit\"]}]
Capabilities {acceptInsecureCerts: false, browserName: chrome, browserVersion: 111.0.5563.146, chrome: {chromedriverVersion: 111.0.5563.64 (c710e93d5b63..., userDataDir: C:\Users\Satya\AppData\Loca...}, goog:chromeOptions: {debuggerAddress: localhost:52602}, networkConnectionEnabled: false, pageLoadStrategy: normal, platformName: WINDOWS, proxy: Proxy(), se:cdp: ws://localhost:52602/devtoo..., se:cdpVersion: 111.0.5563.146, setWindowRect: true, strictFileInteractability: false, timeouts: {implicit: 0, pageLoad: 300000, script: 30000}, unhandledPromptBehavior: dismiss and notify, webauthn:extension:credBlob: true, webauthn:extension:largeBlob: true, webauthn:extension:minPinLength: true, webauthn:extension:prf: true, webauthn:virtualAuthenticators: true}
Session ID: d70231f40b3b83d28f6d0bc5f0cc558e]]>
            </message>
            <full-stacktrace>
              <![CDATA[org.openqa.selenium.InvalidSelectorException: invalid selector: Unable to locate an element with the xpath expression //input[@type=\"submit\"] because of the following error:
SyntaxError: Failed to execute 'evaluate' on 'Document': The string '//input[@type=\"submit\"]' is not a valid XPath expression.
  (Session info: chrome=111.0.5563.146)
For documentation on this error, please visit: https://selenium.dev/exceptions/#invalid_selector_exception
Build info: version: '4.6.0', revision: '79f1c02ae20'
System info: os.name: 'Windows 10', os.arch: 'amd64', os.version: '10.0', java.version: '17.0.5'
Driver info: org.openqa.selenium.chrome.ChromeDriver
Command: [d70231f40b3b83d28f6d0bc5f0cc558e, findElement {using=xpath, value=//input[@type=\"submit\"]}]
Capabilities {acceptInsecureCerts: false, browserName: chrome, browserVersion: 111.0.5563.146, chrome: {chromedriverVersion: 111.0.5563.64 (c710e93d5b63..., userDataDir: C:\Users\Satya\AppData\Loca...}, goog:chromeOptions: {debuggerAddress: localhost:52602}, networkConnectionEnabled: false, pageLoadStrategy: normal, platformName: WINDOWS, proxy: Proxy(), se:cdp: ws://localhost:52602/devtoo..., se:cdpVersion: 111.0.5563.146, setWindowRect: true, strictFileInteractability: false, timeouts: {implicit: 0, pageLoad: 300000, script: 30000}, unhandledPromptBehavior: dismiss and notify, webauthn:extension:credBlob: true, webauthn:extension:largeBlob: true, webauthn:extension:minPinLength: true, webauthn:extension:prf: true, webauthn:virtualAuthenticators: true}
Session ID: d70231f40b3b83d28f6d0bc5f0cc558e
at java.base/jdk.internal.reflect.NativeConstructorAccessorImpl.newInstance0(Native Method)
at java.base/jdk.internal.reflect.NativeConstructorAccessorImpl.newInstance(NativeConstructorAccessorImpl.java:77)
at java.base/jdk.internal.reflect.DelegatingConstructorAccessorImpl.newInstance(DelegatingConstructorAccessorImpl.java:45)
at java.base/java.lang.reflect.Constructor.newInstanceWithCaller(Constructor.java:499)
at java.base/java.lang.reflect.Constructor.newInstance(Constructor.java:480)
at org.openqa.selenium.remote.codec.w3c.W3CHttpResponseCodec.createException(W3CHttpResponseCodec.java:200)
at org.openqa.selenium.remote.codec.w3c.W3CHttpResponseCodec.decode(W3CHttpResponseCodec.java:133)
at org.openqa.selenium.remote.codec.w3c.W3CHttpResponseCodec.decode(W3CHttpResponseCodec.java:53)
at org.openqa.selenium.remote.HttpCommandExecutor.execute(HttpCommandExecutor.java:184)
at org.openqa.selenium.remote.service.DriverCommandExecutor.invokeExecute(DriverCommandExecutor.java:167)
at org.openqa.selenium.remote.service.DriverCommandExecutor.execute(DriverCommandExecutor.java:142)
at org.openqa.selenium.remote.RemoteWebDriver.execute(RemoteWebDriver.java:543)
at org.openqa.selenium.remote.ElementLocation$ElementFinder$2.findElement(ElementLocation.java:162)
at org.openqa.selenium.remote.ElementLocation.findElement(ElementLocation.java:60)
at org.openqa.selenium.remote.RemoteWebDriver.findElement(RemoteWebDriver.java:352)
at org.openqa.selenium.remote.RemoteWebDriver.findElement(RemoteWebDriver.java:344)
at org.openqa.selenium.support.pagefactory.DefaultElementLocator.findElement(DefaultElementLocator.java:70)
at org.openqa.selenium.support.pagefactory.internal.LocatingElementHandler.invoke(LocatingElementHandler.java:39)
at jdk.proxy2/jdk.proxy2.$Proxy18.clear(Unknown Source)
at com.ninja.qa.pageobjects.RegisterPageObjects.ClickOnSubmit(RegisterPageObjects.java:76)
at com.ninja.qa.testcases.RegisterPage.VerifyRegistrationByAllFields(RegisterPage.java:74)
at java.base/jdk.internal.reflect.NativeMethodAccessorImpl.invoke0(Native Method)
at java.base/jdk.internal.reflect.NativeMethodAccessorImpl.invoke(NativeMethodAccessorImpl.java:77)
at java.base/jdk.internal.reflect.DelegatingMethodAccessorImpl.invoke(DelegatingMethodAccessorImpl.java:43)
at java.base/java.lang.reflect.Method.invoke(Method.java:568)
at org.testng.internal.invokers.MethodInvocationHelper.invokeMethod(MethodInvocationHelper.java:139)
at org.testng.internal.invokers.TestInvoker.invokeMethod(TestInvoker.java:677)
at org.testng.internal.invokers.TestInvoker.invokeTestMethod(TestInvoker.java:221)
at org.testng.internal.invokers.MethodRunner.runInSequence(MethodRunner.java:50)
at org.testng.internal.invokers.TestInvoker$MethodInvocationAgent.invoke(TestInvoker.java:969)
at org.testng.internal.invokers.TestInvoker.invokeTestMethods(TestInvoker.java:194)
at org.testng.internal.invokers.TestMethodWorker.invokeTestMethods(TestMethodWorker.java:148)
at org.testng.internal.invokers.TestMethodWorker.run(TestMethodWorker.java:128)
at java.base/java.util.ArrayList.forEach(ArrayList.java:1511)
at org.testng.TestRunner.privateRun(TestRunner.java:829)
at org.testng.TestRunner.run(TestRunner.java:602)
at org.testng.SuiteRunner.runTest(SuiteRunner.java:437)
at org.testng.SuiteRunner.runSequentially(SuiteRunner.java:431)
at org.testng.SuiteRunner.privateRun(SuiteRunner.java:391)
at org.testng.SuiteRunner.run(SuiteRunner.java:330)
at org.testng.SuiteRunnerWorker.runSuite(SuiteRunnerWorker.java:52)
at org.testng.SuiteRunnerWorker.run(SuiteRunnerWorker.java:95)
at org.testng.TestNG.runSuitesSequentially(TestNG.java:1256)
at org.testng.TestNG.runSuitesLocally(TestNG.java:1176)
at org.testng.TestNG.runSuites(TestNG.java:1099)
at org.testng.TestNG.run(TestNG.java:1067)
at org.testng.remote.AbstractRemoteTestNG.run(AbstractRemoteTestNG.java:115)
at org.testng.remote.RemoteTestNG.initAndRun(RemoteTestNG.java:251)
at org.testng.remote.RemoteTestNG.main(RemoteTestNG.java:77)
]]>
            </full-stacktrace>
          </exception> <!-- org.openqa.selenium.InvalidSelectorException -->
          <reporter-output>
          </reporter-output>
        </test-method> <!-- VerifyRegistrationByAllFields -->
        <test-method is-config="true" signature="Tear_Down()[pri:0, instance:com.ninja.qa.testcases.RegisterPage@5386659f]" started-at="2023-03-28T16:30:31 IST" name="Tear_Down" finished-at="2023-03-28T16:30:31 IST" duration-ms="128" status="PASS">
          <reporter-output>
          </reporter-output>
        </test-method> <!-- Tear_Down -->
        <test-method is-config="true" signature="Set_UP()[pri:0, instance:com.ninja.qa.testcases.RegisterPage@5386659f]" started-at="2023-03-28T16:30:31 IST" name="Set_UP" finished-at="2023-03-28T16:30:32 IST" duration-ms="1485" status="PASS">
          <reporter-output>
          </reporter-output>
        </test-method> <!-- Set_UP -->
        <test-method signature="VerifyRegisitritionWithoutDetails()[pri:3, instance:com.ninja.qa.testcases.RegisterPage@5386659f]" started-at="2023-03-28T16:30:32 IST" name="VerifyRegisitritionWithoutDetails" finished-at="2023-03-28T16:30:32 IST" duration-ms="17" status="FAIL">
          <exception class="org.openqa.selenium.InvalidSelectorException">
            <message>
              <![CDATA[invalid selector: Unable to locate an element with the xpath expression //input[@type=\"submit\"] because of the following error:
SyntaxError: Failed to execute 'evaluate' on 'Document': The string '//input[@type=\"submit\"]' is not a valid XPath expression.
  (Session info: chrome=111.0.5563.146)
For documentation on this error, please visit: https://selenium.dev/exceptions/#invalid_selector_exception
Build info: version: '4.6.0', revision: '79f1c02ae20'
System info: os.name: 'Windows 10', os.arch: 'amd64', os.version: '10.0', java.version: '17.0.5'
Driver info: org.openqa.selenium.chrome.ChromeDriver
Command: [cff06347f391923a66bd7c21a251abf1, findElement {using=xpath, value=//input[@type=\"submit\"]}]
Capabilities {acceptInsecureCerts: false, browserName: chrome, browserVersion: 111.0.5563.146, chrome: {chromedriverVersion: 111.0.5563.64 (c710e93d5b63..., userDataDir: C:\Users\Satya\AppData\Loca...}, goog:chromeOptions: {debuggerAddress: localhost:52629}, networkConnectionEnabled: false, pageLoadStrategy: normal, platformName: WINDOWS, proxy: Proxy(), se:cdp: ws://localhost:52629/devtoo..., se:cdpVersion: 111.0.5563.146, setWindowRect: true, strictFileInteractability: false, timeouts: {implicit: 0, pageLoad: 300000, script: 30000}, unhandledPromptBehavior: dismiss and notify, webauthn:extension:credBlob: true, webauthn:extension:largeBlob: true, webauthn:extension:minPinLength: true, webauthn:extension:prf: true, webauthn:virtualAuthenticators: true}
Session ID: cff06347f391923a66bd7c21a251abf1]]>
            </message>
            <full-stacktrace>
              <![CDATA[org.openqa.selenium.InvalidSelectorException: invalid selector: Unable to locate an element with the xpath expression //input[@type=\"submit\"] because of the following error:
SyntaxError: Failed to execute 'evaluate' on 'Document': The string '//input[@type=\"submit\"]' is not a valid XPath expression.
  (Session info: chrome=111.0.5563.146)
For documentation on this error, please visit: https://selenium.dev/exceptions/#invalid_selector_exception
Build info: version: '4.6.0', revision: '79f1c02ae20'
System info: os.name: 'Windows 10', os.arch: 'amd64', os.version: '10.0', java.version: '17.0.5'
Driver info: org.openqa.selenium.chrome.ChromeDriver
Command: [cff06347f391923a66bd7c21a251abf1, findElement {using=xpath, value=//input[@type=\"submit\"]}]
Capabilities {acceptInsecureCerts: false, browserName: chrome, browserVersion: 111.0.5563.146, chrome: {chromedriverVersion: 111.0.5563.64 (c710e93d5b63..., userDataDir: C:\Users\Satya\AppData\Loca...}, goog:chromeOptions: {debuggerAddress: localhost:52629}, networkConnectionEnabled: false, pageLoadStrategy: normal, platformName: WINDOWS, proxy: Proxy(), se:cdp: ws://localhost:52629/devtoo..., se:cdpVersion: 111.0.5563.146, setWindowRect: true, strictFileInteractability: false, timeouts: {implicit: 0, pageLoad: 300000, script: 30000}, unhandledPromptBehavior: dismiss and notify, webauthn:extension:credBlob: true, webauthn:extension:largeBlob: true, webauthn:extension:minPinLength: true, webauthn:extension:prf: true, webauthn:virtualAuthenticators: true}
Session ID: cff06347f391923a66bd7c21a251abf1
at java.base/jdk.internal.reflect.NativeConstructorAccessorImpl.newInstance0(Native Method)
at java.base/jdk.internal.reflect.NativeConstructorAccessorImpl.newInstance(NativeConstructorAccessorImpl.java:77)
at java.base/jdk.internal.reflect.DelegatingConstructorAccessorImpl.newInstance(DelegatingConstructorAccessorImpl.java:45)
at java.base/java.lang.reflect.Constructor.newInstanceWithCaller(Constructor.java:499)
at java.base/java.lang.reflect.Constructor.newInstance(Constructor.java:480)
at org.openqa.selenium.remote.codec.w3c.W3CHttpResponseCodec.createException(W3CHttpResponseCodec.java:200)
at org.openqa.selenium.remote.codec.w3c.W3CHttpResponseCodec.decode(W3CHttpResponseCodec.java:133)
at org.openqa.selenium.remote.codec.w3c.W3CHttpResponseCodec.decode(W3CHttpResponseCodec.java:53)
at org.openqa.selenium.remote.HttpCommandExecutor.execute(HttpCommandExecutor.java:184)
at org.openqa.selenium.remote.service.DriverCommandExecutor.invokeExecute(DriverCommandExecutor.java:167)
at org.openqa.selenium.remote.service.DriverCommandExecutor.execute(DriverCommandExecutor.java:142)
at org.openqa.selenium.remote.RemoteWebDriver.execute(RemoteWebDriver.java:543)
at org.openqa.selenium.remote.ElementLocation$ElementFinder$2.findElement(ElementLocation.java:162)
at org.openqa.selenium.remote.ElementLocation.findElement(ElementLocation.java:60)
at org.openqa.selenium.remote.RemoteWebDriver.findElement(RemoteWebDriver.java:352)
at org.openqa.selenium.remote.RemoteWebDriver.findElement(RemoteWebDriver.java:344)
at org.openqa.selenium.support.pagefactory.DefaultElementLocator.findElement(DefaultElementLocator.java:70)
at org.openqa.selenium.support.pagefactory.internal.LocatingElementHandler.invoke(LocatingElementHandler.java:39)
at jdk.proxy2/jdk.proxy2.$Proxy18.clear(Unknown Source)
at com.ninja.qa.pageobjects.RegisterPageObjects.ClickOnSubmit(RegisterPageObjects.java:76)
at com.ninja.qa.testcases.RegisterPage.VerifyRegisitritionWithoutDetails(RegisterPage.java:86)
at java.base/jdk.internal.reflect.NativeMethodAccessorImpl.invoke0(Native Method)
at java.base/jdk.internal.reflect.NativeMethodAccessorImpl.invoke(NativeMethodAccessorImpl.java:77)
at java.base/jdk.internal.reflect.DelegatingMethodAccessorImpl.invoke(DelegatingMethodAccessorImpl.java:43)
at java.base/java.lang.reflect.Method.invoke(Method.java:568)
at org.testng.internal.invokers.MethodInvocationHelper.invokeMethod(MethodInvocationHelper.java:139)
at org.testng.internal.invokers.TestInvoker.invokeMethod(TestInvoker.java:677)
at org.testng.internal.invokers.TestInvoker.invokeTestMethod(TestInvoker.java:221)
at org.testng.internal.invokers.MethodRunner.runInSequence(MethodRunner.java:50)
at org.testng.internal.invokers.TestInvoker$MethodInvocationAgent.invoke(TestInvoker.java:969)
at org.testng.internal.invokers.TestInvoker.invokeTestMethods(TestInvoker.java:194)
at org.testng.internal.invokers.TestMethodWorker.invokeTestMethods(TestMethodWorker.java:148)
at org.testng.internal.invokers.TestMethodWorker.run(TestMethodWorker.java:128)
at java.base/java.util.ArrayList.forEach(ArrayList.java:1511)
at org.testng.TestRunner.privateRun(TestRunner.java:829)
at org.testng.TestRunner.run(TestRunner.java:602)
at org.testng.SuiteRunner.runTest(SuiteRunner.java:437)
at org.testng.SuiteRunner.runSequentially(SuiteRunner.java:431)
at org.testng.SuiteRunner.privateRun(SuiteRunner.java:391)
at org.testng.SuiteRunner.run(SuiteRunner.java:330)
at org.testng.SuiteRunnerWorker.runSuite(SuiteRunnerWorker.java:52)
at org.testng.SuiteRunnerWorker.run(SuiteRunnerWorker.java:95)
at org.testng.TestNG.runSuitesSequentially(TestNG.java:1256)
at org.testng.TestNG.runSuitesLocally(TestNG.java:1176)
at org.testng.TestNG.runSuites(TestNG.java:1099)
at org.testng.TestNG.run(TestNG.java:1067)
at org.testng.remote.AbstractRemoteTestNG.run(AbstractRemoteTestNG.java:115)
at org.testng.remote.RemoteTestNG.initAndRun(RemoteTestNG.java:251)
at org.testng.remote.RemoteTestNG.main(RemoteTestNG.java:77)
]]>
            </full-stacktrace>
          </exception> <!-- org.openqa.selenium.InvalidSelectorException -->
          <reporter-output>
          </reporter-output>
        </test-method> <!-- VerifyRegisitritionWithoutDetails -->
        <test-method is-config="true" signature="Tear_Down()[pri:0, instance:com.ninja.qa.testcases.RegisterPage@5386659f]" started-at="2023-03-28T16:30:33 IST" name="Tear_Down" finished-at="2023-03-28T16:30:33 IST" duration-ms="78" status="PASS">
          <reporter-output>
          </reporter-output>
        </test-method> <!-- Tear_Down -->
      </class> <!-- com.ninja.qa.testcases.RegisterPage -->
    </test> <!-- Ninja Tests -->
  </suite> <!-- Ninja Automation suite -->
</testng-results>
