<?xml version="1.0" encoding="UTF-8"?>
<testng-results ignored="0" total="5" passed="4" failed="1" skipped="0">
  <reporter-output>
  </reporter-output>
  <suite started-at="2023-03-27T23:30:28 IST" name="Default suite" finished-at="2023-03-27T23:30:41 IST" duration-ms="12762">
    <groups>
    </groups>
    <test started-at="2023-03-27T23:30:28 IST" name="Default test" finished-at="2023-03-27T23:30:41 IST" duration-ms="12762">
      <class name="com.ninja.qa.testcases.LoginPage">
        <test-method is-config="true" signature="Set_Up()[pri:0, instance:com.ninja.qa.testcases.LoginPage@273444fe]" started-at="2023-03-27T23:30:28 IST" name="Set_Up" finished-at="2023-03-27T23:30:31 IST" duration-ms="2990" status="PASS">
          <reporter-output>
          </reporter-output>
        </test-method> <!-- Set_Up -->
        <test-method signature="LoginWithValidDetails(java.lang.String,java.lang.String)[pri:1, instance:com.ninja.qa.testcases.LoginPage@273444fe]" started-at="2023-03-27T23:30:31 IST" name="LoginWithValidDetails" data-provider="ValidCredentialsSupplier" finished-at="2023-03-27T23:30:32 IST" duration-ms="424" status="PASS">
          <params>
            <param index="0">
              <value>
                <![CDATA[tsatya0312@gmail.com]]>
              </value>
            </param>
            <param index="1">
              <value>
                <![CDATA[Satya@0312]]>
              </value>
            </param>
          </params>
          <reporter-output>
          </reporter-output>
        </test-method> <!-- LoginWithValidDetails -->
        <test-method is-config="true" signature="Tear_Down()[pri:0, instance:com.ninja.qa.testcases.LoginPage@273444fe]" started-at="2023-03-27T23:30:32 IST" name="Tear_Down" finished-at="2023-03-27T23:30:32 IST" duration-ms="139" status="PASS">
          <reporter-output>
          </reporter-output>
        </test-method> <!-- Tear_Down -->
        <test-method is-config="true" signature="Set_Up()[pri:0, instance:com.ninja.qa.testcases.LoginPage@273444fe]" started-at="2023-03-27T23:30:32 IST" name="Set_Up" finished-at="2023-03-27T23:30:34 IST" duration-ms="1658" status="PASS">
          <reporter-output>
          </reporter-output>
        </test-method> <!-- Set_Up -->
        <test-method signature="LoginWithInvalidDetail()[pri:2, instance:com.ninja.qa.testcases.LoginPage@273444fe]" started-at="2023-03-27T23:30:34 IST" name="LoginWithInvalidDetail" finished-at="2023-03-27T23:30:34 IST" duration-ms="92" status="FAIL">
          <exception class="java.io.FileNotFoundException">
            <message>
              <![CDATA[C:\Users\Satya\eclipse-workspace\IVYTech\src\main\java\com\ninja\qa\config\testdata.properties (The system cannot find the file specified)]]>
            </message>
            <full-stacktrace>
              <![CDATA[java.io.FileNotFoundException: C:\Users\Satya\eclipse-workspace\IVYTech\src\main\java\com\ninja\qa\config\testdata.properties (The system cannot find the file specified)
at java.base/java.io.FileInputStream.open0(Native Method)
at java.base/java.io.FileInputStream.open(FileInputStream.java:216)
at java.base/java.io.FileInputStream.<init>(FileInputStream.java:157)
at com.ninja.qa.base.Base.LoadTestdata(Base.java:36)
at com.ninja.qa.testcases.LoginPage.LoginWithInvalidDetail(LoginPage.java:65)
at java.base/jdk.internal.reflect.NativeMethodAccessorImpl.invoke0(Native Method)
at java.base/jdk.internal.reflect.NativeMethodAccessorImpl.invoke(NativeMethodAccessorImpl.java:77)
at java.base/jdk.internal.reflect.DelegatingMethodAccessorImpl.invoke(DelegatingMethodAccessorImpl.java:43)
at java.base/java.lang.reflect.Method.invoke(Method.java:568)
at org.testng.internal.invokers.MethodInvocationHelper.invokeMethod(MethodInvocationHelper.java:139)
at org.testng.internal.invokers.TestInvoker.invokeMethod(TestInvoker.java:677)
at org.testng.internal.invokers.TestInvoker.invokeTestMethod(TestInvoker.java:221)
at org.testng.internal.invokers.MethodRunner.runInSequence(MethodRunner.java:50)
at org.testng.internal.invokers.TestInvoker$MethodInvocationAgent.invoke(TestInvoker.java:969)
at org.testng.internal.invokers.TestInvoker.invokeTestMethods(TestInvoker.java:194)
at org.testng.internal.invokers.TestMethodWorker.invokeTestMethods(TestMethodWorker.java:148)
at org.testng.internal.invokers.TestMethodWorker.run(TestMethodWorker.java:128)
at java.base/java.util.ArrayList.forEach(ArrayList.java:1511)
at org.testng.TestRunner.privateRun(TestRunner.java:829)
at org.testng.TestRunner.run(TestRunner.java:602)
at org.testng.SuiteRunner.runTest(SuiteRunner.java:437)
at org.testng.SuiteRunner.runSequentially(SuiteRunner.java:431)
at org.testng.SuiteRunner.privateRun(SuiteRunner.java:391)
at org.testng.SuiteRunner.run(SuiteRunner.java:330)
at org.testng.SuiteRunnerWorker.runSuite(SuiteRunnerWorker.java:52)
at org.testng.SuiteRunnerWorker.run(SuiteRunnerWorker.java:95)
at org.testng.TestNG.runSuitesSequentially(TestNG.java:1256)
at org.testng.TestNG.runSuitesLocally(TestNG.java:1176)
at org.testng.TestNG.runSuites(TestNG.java:1099)
at org.testng.TestNG.run(TestNG.java:1067)
at org.testng.remote.AbstractRemoteTestNG.run(AbstractRemoteTestNG.java:115)
at org.testng.remote.RemoteTestNG.initAndRun(RemoteTestNG.java:251)
at org.testng.remote.RemoteTestNG.main(RemoteTestNG.java:77)
]]>
            </full-stacktrace>
          </exception> <!-- java.io.FileNotFoundException -->
          <reporter-output>
          </reporter-output>
        </test-method> <!-- LoginWithInvalidDetail -->
        <test-method is-config="true" signature="Tear_Down()[pri:0, instance:com.ninja.qa.testcases.LoginPage@273444fe]" started-at="2023-03-27T23:30:34 IST" name="Tear_Down" finished-at="2023-03-27T23:30:34 IST" duration-ms="71" status="PASS">
          <reporter-output>
          </reporter-output>
        </test-method> <!-- Tear_Down -->
        <test-method is-config="true" signature="Set_Up()[pri:0, instance:com.ninja.qa.testcases.LoginPage@273444fe]" started-at="2023-03-27T23:30:34 IST" name="Set_Up" finished-at="2023-03-27T23:30:35 IST" duration-ms="1597" status="PASS">
          <reporter-output>
          </reporter-output>
        </test-method> <!-- Set_Up -->
        <test-method signature="LoginWithInvaldiEmailAndValidPassword()[pri:3, instance:com.ninja.qa.testcases.LoginPage@273444fe]" started-at="2023-03-27T23:30:35 IST" name="LoginWithInvaldiEmailAndValidPassword" finished-at="2023-03-27T23:30:36 IST" duration-ms="378" status="PASS">
          <reporter-output>
          </reporter-output>
        </test-method> <!-- LoginWithInvaldiEmailAndValidPassword -->
        <test-method is-config="true" signature="Tear_Down()[pri:0, instance:com.ninja.qa.testcases.LoginPage@273444fe]" started-at="2023-03-27T23:30:36 IST" name="Tear_Down" finished-at="2023-03-27T23:30:36 IST" duration-ms="70" status="PASS">
          <reporter-output>
          </reporter-output>
        </test-method> <!-- Tear_Down -->
        <test-method is-config="true" signature="Set_Up()[pri:0, instance:com.ninja.qa.testcases.LoginPage@273444fe]" started-at="2023-03-27T23:30:36 IST" name="Set_Up" finished-at="2023-03-27T23:30:38 IST" duration-ms="1573" status="PASS">
          <reporter-output>
          </reporter-output>
        </test-method> <!-- Set_Up -->
        <test-method signature="LoginWithInvalidEmailAndInvalidPassword()[pri:4, instance:com.ninja.qa.testcases.LoginPage@273444fe]" started-at="2023-03-27T23:30:38 IST" name="LoginWithInvalidEmailAndInvalidPassword" finished-at="2023-03-27T23:30:38 IST" duration-ms="393" status="PASS">
          <reporter-output>
          </reporter-output>
        </test-method> <!-- LoginWithInvalidEmailAndInvalidPassword -->
        <test-method is-config="true" signature="Tear_Down()[pri:0, instance:com.ninja.qa.testcases.LoginPage@273444fe]" started-at="2023-03-27T23:30:38 IST" name="Tear_Down" finished-at="2023-03-27T23:30:38 IST" duration-ms="115" status="PASS">
          <reporter-output>
          </reporter-output>
        </test-method> <!-- Tear_Down -->
        <test-method is-config="true" signature="Set_Up()[pri:0, instance:com.ninja.qa.testcases.LoginPage@273444fe]" started-at="2023-03-27T23:30:38 IST" name="Set_Up" finished-at="2023-03-27T23:30:40 IST" duration-ms="2199" status="PASS">
          <reporter-output>
          </reporter-output>
        </test-method> <!-- Set_Up -->
        <test-method signature="LoginwithoutCredentials()[pri:5, instance:com.ninja.qa.testcases.LoginPage@273444fe]" started-at="2023-03-27T23:30:40 IST" name="LoginwithoutCredentials" finished-at="2023-03-27T23:30:41 IST" duration-ms="336" status="PASS">
          <reporter-output>
          </reporter-output>
        </test-method> <!-- LoginwithoutCredentials -->
        <test-method is-config="true" signature="Tear_Down()[pri:0, instance:com.ninja.qa.testcases.LoginPage@273444fe]" started-at="2023-03-27T23:30:41 IST" name="Tear_Down" finished-at="2023-03-27T23:30:41 IST" duration-ms="119" status="PASS">
          <reporter-output>
          </reporter-output>
        </test-method> <!-- Tear_Down -->
      </class> <!-- com.ninja.qa.testcases.LoginPage -->
    </test> <!-- Default test -->
  </suite> <!-- Default suite -->
</testng-results>
